0 info it worked if it ends with ok
1 verbose cli [ 'c:\\Program Files\\nodejs\\node.exe',
1 verbose cli   'c:\\Program Files\\nodejs\\node_modules\\npm\\bin\\npm-cli.js',
1 verbose cli   'install',
1 verbose cli   '--save',
1 verbose cli   'twillo' ]
2 info using npm@1.4.28
3 info using node@v0.10.32
4 warn package.json NodeGestionAccess@1.0.0 No description
5 warn package.json NodeGestionAccess@1.0.0 No repository field.
6 warn package.json NodeGestionAccess@1.0.0 No README data
7 verbose readDependencies using package.json deps
8 verbose cache add [ 'twillo', null ]
9 verbose cache add name=undefined spec="twillo" args=["twillo",null]
10 verbose parsed url { protocol: null,
10 verbose parsed url   slashes: null,
10 verbose parsed url   auth: null,
10 verbose parsed url   host: null,
10 verbose parsed url   port: null,
10 verbose parsed url   hostname: null,
10 verbose parsed url   hash: null,
10 verbose parsed url   search: null,
10 verbose parsed url   query: null,
10 verbose parsed url   pathname: 'twillo',
10 verbose parsed url   path: 'twillo',
10 verbose parsed url   href: 'twillo' }
11 silly lockFile 72de251c-twillo twillo
12 verbose lock twillo C:\Users\Federico\AppData\Roaming\npm-cache\72de251c-twillo.lock
13 silly lockFile 72de251c-twillo twillo
14 silly lockFile 72de251c-twillo twillo
15 verbose addNamed [ 'twillo', '' ]
16 verbose addNamed [ null, '*' ]
17 silly lockFile 6c7a766f-twillo twillo@
18 verbose lock twillo@ C:\Users\Federico\AppData\Roaming\npm-cache\6c7a766f-twillo.lock
19 silly addNameRange { name: 'twillo', range: '*', hasData: false }
20 verbose request where is /twillo
21 verbose request registry https://registry.npmjs.org/
22 verbose request id 8e72626c11e0482e
23 verbose url raw /twillo
24 verbose url resolving [ 'https://registry.npmjs.org/', './twillo' ]
25 verbose url resolved https://registry.npmjs.org/twillo
26 verbose request where is https://registry.npmjs.org/twillo
27 info trying registry request attempt 1 at 17:38:09
28 http GET https://registry.npmjs.org/twillo
29 http 404 https://registry.npmjs.org/twillo
30 verbose headers { date: 'Sat, 04 Oct 2014 16:38:06 GMT',
30 verbose headers   server: 'CouchDB/1.5.0 (Erlang OTP/R14B04)',
30 verbose headers   'content-type': 'application/json',
30 verbose headers   'cache-control': 'max-age=0',
30 verbose headers   'content-length': '52',
30 verbose headers   'accept-ranges': 'bytes',
30 verbose headers   via: '1.1 varnish',
30 verbose headers   age: '0',
30 verbose headers   'x-served-by': 'cache-lcy1120-LCY',
30 verbose headers   'x-cache': 'MISS',
30 verbose headers   'x-cache-hits': '0',
30 verbose headers   'x-timer': 'S1412440686.727005,VS0,VE94',
30 verbose headers   'keep-alive': 'timeout=10, max=50',
30 verbose headers   connection: 'Keep-Alive' }
31 silly registry.get cb [ 404,
31 silly registry.get   { date: 'Sat, 04 Oct 2014 16:38:06 GMT',
31 silly registry.get     server: 'CouchDB/1.5.0 (Erlang OTP/R14B04)',
31 silly registry.get     'content-type': 'application/json',
31 silly registry.get     'cache-control': 'max-age=0',
31 silly registry.get     'content-length': '52',
31 silly registry.get     'accept-ranges': 'bytes',
31 silly registry.get     via: '1.1 varnish',
31 silly registry.get     age: '0',
31 silly registry.get     'x-served-by': 'cache-lcy1120-LCY',
31 silly registry.get     'x-cache': 'MISS',
31 silly registry.get     'x-cache-hits': '0',
31 silly registry.get     'x-timer': 'S1412440686.727005,VS0,VE94',
31 silly registry.get     'keep-alive': 'timeout=10, max=50',
31 silly registry.get     connection: 'Keep-Alive' } ]
32 silly lockFile 6c7a766f-twillo twillo@
33 silly lockFile 6c7a766f-twillo twillo@
34 error 404 404 Not Found: twillo
34 error 404
34 error 404 'twillo' is not in the npm registry.
34 error 404 You should bug the author to publish it
34 error 404 It was specified as a dependency of 'NodeGestionAccess'
34 error 404
34 error 404 Note that you can also install from a
34 error 404 tarball, folder, or http url, or git url.
35 error System Windows_NT 6.2.9200
36 error command "c:\\Program Files\\nodejs\\node.exe" "c:\\Program Files\\nodejs\\node_modules\\npm\\bin\\npm-cli.js" "install" "--save" "twillo"
37 error cwd c:\Users\Federico\Desktop\hackaton Bloomberg\NodeGestionAccess
38 error node -v v0.10.32
39 error npm -v 1.4.28
40 error code E404
41 verbose exit [ 1, true ]
